2020-09-24 12:49:15.756 +03:00 [Fatal] Unable to start Kestrel.
Internal.Cryptography.CryptoThrowHelper+WindowsCryptographicException: The system cannot find the file specified.
   at Internal.Cryptography.Pal.CertificatePal.FromBlobOrFile(Byte[] rawData, String fileName, SafePasswordHandle password, X509KeyStorageFlags keyStorageFlags)
   at System.Security.Cryptography.X509Certificates.X509Certificate..ctor(String fileName, String password, X509KeyStorageFlags keyStorageFlags)
   at System.Security.Cryptography.X509Certificates.X509Certificate2..ctor(String fileName, String password)
   at Microsoft.AspNetCore.Server.Kestrel.KestrelConfigurationLoader.LoadCertificate(CertificateConfig certInfo, String endpointName)
   at Microsoft.AspNetCore.Server.Kestrel.KestrelConfigurationLoader.LoadDefaultCert(ConfigurationReader configReader)
   at Microsoft.AspNetCore.Server.Kestrel.KestrelConfigurationLoader.Load()
   at Microsoft.AspNetCore.Server.Kestrel.Core.KestrelServer.ValidateOptions()
   at Microsoft.AspNetCore.Server.Kestrel.Core.KestrelServer.StartAsync[TContext](IHttpApplication`1 application, CancellationToken cancellationToken)
2020-09-24 12:49:15.831 +03:00 [Fatal] Host terminated unexpectedly.
Internal.Cryptography.CryptoThrowHelper+WindowsCryptographicException: The system cannot find the file specified.
   at Internal.Cryptography.Pal.CertificatePal.FromBlobOrFile(Byte[] rawData, String fileName, SafePasswordHandle password, X509KeyStorageFlags keyStorageFlags)
   at System.Security.Cryptography.X509Certificates.X509Certificate..ctor(String fileName, String password, X509KeyStorageFlags keyStorageFlags)
   at System.Security.Cryptography.X509Certificates.X509Certificate2..ctor(String fileName, String password)
   at Microsoft.AspNetCore.Server.Kestrel.KestrelConfigurationLoader.LoadCertificate(CertificateConfig certInfo, String endpointName)
   at Microsoft.AspNetCore.Server.Kestrel.KestrelConfigurationLoader.LoadDefaultCert(ConfigurationReader configReader)
   at Microsoft.AspNetCore.Server.Kestrel.KestrelConfigurationLoader.Load()
   at Microsoft.AspNetCore.Server.Kestrel.Core.KestrelServer.ValidateOptions()
   at Microsoft.AspNetCore.Server.Kestrel.Core.KestrelServer.StartAsync[TContext](IHttpApplication`1 application, CancellationToken cancellationToken)
   at Microsoft.AspNetCore.Hosting.GenericWebHostService.StartAsync(CancellationToken cancellationToken)
   at Microsoft.Extensions.Hosting.Internal.Host.StartAsync(CancellationToken cancellationToken)
   at Microsoft.Extensions.Hosting.HostingAbstractionsHostExtensions.RunAsync(IHost host, CancellationToken token)
   at Microsoft.Extensions.Hosting.HostingAbstractionsHostExtensions.RunAsync(IHost host, CancellationToken token)
   at Microsoft.Extensions.Hosting.HostingAbstractionsHostExtensions.Run(IHost host)
   at MOM.IS4Host.Program.Main(String[] args) in E:\source\personal\mindsOnMedical\MOM.IS4Host\Program.cs:line 53
